<?xml version="1.0" encoding="UTF-8"?>
<testsuite xmlns:xsi="http://www.w3.org/2001/XMLSchema-instance" xsi:noNamespaceSchemaLocation="https://maven.apache.org/surefire/maven-surefire-plugin/xsd/surefire-test-report-3.0.xsd" version="3.0" name="org.sakaiproject.modi.LauncherTest" time="15.366" tests="15" errors="0" skipped="0" failures="0">
  <properties>
    <property name="awt.toolkit" value="sun.awt.X11.XToolkit"/>
    <property name="java.specification.version" value="11"/>
    <property name="sun.cpu.isalist" value=""/>
    <property name="sun.jnu.encoding" value="UTF-8"/>
    <property name="java.class.path" value="/mnt/c/Users/yasin/Desktop/sakai/Sakai/kernel/component-manager/target/test-classes:/mnt/c/Users/yasin/Desktop/sakai/Sakai/kernel/component-manager/target/classes:/home/yasinezziani/.m2/repository/javax/servlet/javax.servlet-api/4.0.1/javax.servlet-api-4.0.1.jar:/home/yasinezziani/.m2/repository/org/springframework/spring-core/5.3.32/spring-core-5.3.32.jar:/home/yasinezziani/.m2/repository/org/springframework/spring-jcl/5.3.32/spring-jcl-5.3.32.jar:/home/yasinezziani/.m2/repository/org/springframework/spring-beans/5.3.32/spring-beans-5.3.32.jar:/home/yasinezziani/.m2/repository/org/springframework/spring-context/5.3.32/spring-context-5.3.32.jar:/home/yasinezziani/.m2/repository/org/springframework/spring-aop/5.3.32/spring-aop-5.3.32.jar:/home/yasinezziani/.m2/repository/org/springframework/spring-expression/5.3.32/spring-expression-5.3.32.jar:/home/yasinezziani/.m2/repository/org/springframework/spring-web/5.3.32/spring-web-5.3.32.jar:/home/yasinezziani/.m2/repository/org/apache/commons/commons-lang3/3.14.0/commons-lang3-3.14.0.jar:/home/yasinezziani/.m2/repository/org/apache/tomcat/tomcat-catalina/9.0.87/tomcat-catalina-9.0.87.jar:/home/yasinezziani/.m2/repository/org/apache/tomcat/tomcat-servlet-api/9.0.87/tomcat-servlet-api-9.0.87.jar:/home/yasinezziani/.m2/repository/org/apache/tomcat/tomcat-jsp-api/9.0.87/tomcat-jsp-api-9.0.87.jar:/home/yasinezziani/.m2/repository/org/apache/tomcat/tomcat-el-api/9.0.87/tomcat-el-api-9.0.87.jar:/home/yasinezziani/.m2/repository/org/apache/tomcat/tomcat-juli/9.0.87/tomcat-juli-9.0.87.jar:/home/yasinezziani/.m2/repository/org/apache/tomcat/tomcat-annotations-api/9.0.87/tomcat-annotations-api-9.0.87.jar:/home/yasinezziani/.m2/repository/org/apache/tomcat/tomcat-api/9.0.87/tomcat-api-9.0.87.jar:/home/yasinezziani/.m2/repository/org/apache/tomcat/tomcat-jni/9.0.87/tomcat-jni-9.0.87.jar:/home/yasinezziani/.m2/repository/org/apache/tomcat/tomcat-coyote/9.0.87/tomcat-coyote-9.0.87.jar:/home/yasinezziani/.m2/repository/org/apache/tomcat/tomcat-util/9.0.87/tomcat-util-9.0.87.jar:/home/yasinezziani/.m2/repository/org/apache/tomcat/tomcat-util-scan/9.0.87/tomcat-util-scan-9.0.87.jar:/home/yasinezziani/.m2/repository/org/apache/tomcat/tomcat-jaspic-api/9.0.87/tomcat-jaspic-api-9.0.87.jar:/home/yasinezziani/.m2/repository/org/mockito/mockito-core/3.11.2/mockito-core-3.11.2.jar:/home/yasinezziani/.m2/repository/net/bytebuddy/byte-buddy/1.14.3/byte-buddy-1.14.3.jar:/home/yasinezziani/.m2/repository/net/bytebuddy/byte-buddy-agent/1.11.3/byte-buddy-agent-1.11.3.jar:/home/yasinezziani/.m2/repository/org/objenesis/objenesis/3.2/objenesis-3.2.jar:/home/yasinezziani/.m2/repository/org/assertj/assertj-core/3.23.1/assertj-core-3.23.1.jar:/home/yasinezziani/.m2/repository/jakarta/annotation/jakarta.annotation-api/1.3.5/jakarta.annotation-api-1.3.5.jar:/home/yasinezziani/.m2/repository/jakarta/activation/jakarta.activation-api/1.2.2/jakarta.activation-api-1.2.2.jar:/home/yasinezziani/.m2/repository/org/slf4j/slf4j-api/1.7.36/slf4j-api-1.7.36.jar:/home/yasinezziani/.m2/repository/org/apache/logging/log4j/log4j-api/2.23.0/log4j-api-2.23.0.jar:/home/yasinezziani/.m2/repository/org/apache/logging/log4j/log4j-slf4j-impl/2.23.0/log4j-slf4j-impl-2.23.0.jar:/home/yasinezziani/.m2/repository/org/slf4j/jcl-over-slf4j/1.7.36/jcl-over-slf4j-1.7.36.jar:/home/yasinezziani/.m2/repository/org/apache/logging/log4j/log4j-core/2.23.0/log4j-core-2.23.0.jar:/home/yasinezziani/.m2/repository/org/projectlombok/lombok/1.18.32/lombok-1.18.32.jar:/home/yasinezziani/.m2/repository/junit/junit/4.13.2/junit-4.13.2.jar:/home/yasinezziani/.m2/repository/org/hamcrest/hamcrest-core/1.3/hamcrest-core-1.3.jar:"/>
    <property name="java.vm.vendor" value="Debian"/>
    <property name="sun.arch.data.model" value="64"/>
    <property name="java.vendor.url" value="https://tracker.debian.org/openjdk-11"/>
    <property name="user.timezone" value=""/>
    <property name="java.vm.specification.version" value="11"/>
    <property name="os.name" value="Linux"/>
    <property name="sun.java.launcher" value="SUN_STANDARD"/>
    <property name="user.country" value="US"/>
    <property name="sun.boot.library.path" value="/usr/lib/jvm/java-11-openjdk-amd64/lib"/>
    <property name="sun.java.command" value="/mnt/c/Users/yasin/Desktop/sakai/Sakai/kernel/component-manager/target/surefire/surefirebooter-20240414160514321_12.jar /mnt/c/Users/yasin/Desktop/sakai/Sakai/kernel/component-manager/target/surefire 2024-04-14T16-05-12_295-jvmRun1 surefire-20240414160514321_10tmp surefire_3-20240414160514321_11tmp"/>
    <property name="jdk.debug" value="release"/>
    <property name="surefire.test.class.path" value="/mnt/c/Users/yasin/Desktop/sakai/Sakai/kernel/component-manager/target/test-classes:/mnt/c/Users/yasin/Desktop/sakai/Sakai/kernel/component-manager/target/classes:/home/yasinezziani/.m2/repository/javax/servlet/javax.servlet-api/4.0.1/javax.servlet-api-4.0.1.jar:/home/yasinezziani/.m2/repository/org/springframework/spring-core/5.3.32/spring-core-5.3.32.jar:/home/yasinezziani/.m2/repository/org/springframework/spring-jcl/5.3.32/spring-jcl-5.3.32.jar:/home/yasinezziani/.m2/repository/org/springframework/spring-beans/5.3.32/spring-beans-5.3.32.jar:/home/yasinezziani/.m2/repository/org/springframework/spring-context/5.3.32/spring-context-5.3.32.jar:/home/yasinezziani/.m2/repository/org/springframework/spring-aop/5.3.32/spring-aop-5.3.32.jar:/home/yasinezziani/.m2/repository/org/springframework/spring-expression/5.3.32/spring-expression-5.3.32.jar:/home/yasinezziani/.m2/repository/org/springframework/spring-web/5.3.32/spring-web-5.3.32.jar:/home/yasinezziani/.m2/repository/org/apache/commons/commons-lang3/3.14.0/commons-lang3-3.14.0.jar:/home/yasinezziani/.m2/repository/org/apache/tomcat/tomcat-catalina/9.0.87/tomcat-catalina-9.0.87.jar:/home/yasinezziani/.m2/repository/org/apache/tomcat/tomcat-servlet-api/9.0.87/tomcat-servlet-api-9.0.87.jar:/home/yasinezziani/.m2/repository/org/apache/tomcat/tomcat-jsp-api/9.0.87/tomcat-jsp-api-9.0.87.jar:/home/yasinezziani/.m2/repository/org/apache/tomcat/tomcat-el-api/9.0.87/tomcat-el-api-9.0.87.jar:/home/yasinezziani/.m2/repository/org/apache/tomcat/tomcat-juli/9.0.87/tomcat-juli-9.0.87.jar:/home/yasinezziani/.m2/repository/org/apache/tomcat/tomcat-annotations-api/9.0.87/tomcat-annotations-api-9.0.87.jar:/home/yasinezziani/.m2/repository/org/apache/tomcat/tomcat-api/9.0.87/tomcat-api-9.0.87.jar:/home/yasinezziani/.m2/repository/org/apache/tomcat/tomcat-jni/9.0.87/tomcat-jni-9.0.87.jar:/home/yasinezziani/.m2/repository/org/apache/tomcat/tomcat-coyote/9.0.87/tomcat-coyote-9.0.87.jar:/home/yasinezziani/.m2/repository/org/apache/tomcat/tomcat-util/9.0.87/tomcat-util-9.0.87.jar:/home/yasinezziani/.m2/repository/org/apache/tomcat/tomcat-util-scan/9.0.87/tomcat-util-scan-9.0.87.jar:/home/yasinezziani/.m2/repository/org/apache/tomcat/tomcat-jaspic-api/9.0.87/tomcat-jaspic-api-9.0.87.jar:/home/yasinezziani/.m2/repository/org/mockito/mockito-core/3.11.2/mockito-core-3.11.2.jar:/home/yasinezziani/.m2/repository/net/bytebuddy/byte-buddy/1.14.3/byte-buddy-1.14.3.jar:/home/yasinezziani/.m2/repository/net/bytebuddy/byte-buddy-agent/1.11.3/byte-buddy-agent-1.11.3.jar:/home/yasinezziani/.m2/repository/org/objenesis/objenesis/3.2/objenesis-3.2.jar:/home/yasinezziani/.m2/repository/org/assertj/assertj-core/3.23.1/assertj-core-3.23.1.jar:/home/yasinezziani/.m2/repository/jakarta/annotation/jakarta.annotation-api/1.3.5/jakarta.annotation-api-1.3.5.jar:/home/yasinezziani/.m2/repository/jakarta/activation/jakarta.activation-api/1.2.2/jakarta.activation-api-1.2.2.jar:/home/yasinezziani/.m2/repository/org/slf4j/slf4j-api/1.7.36/slf4j-api-1.7.36.jar:/home/yasinezziani/.m2/repository/org/apache/logging/log4j/log4j-api/2.23.0/log4j-api-2.23.0.jar:/home/yasinezziani/.m2/repository/org/apache/logging/log4j/log4j-slf4j-impl/2.23.0/log4j-slf4j-impl-2.23.0.jar:/home/yasinezziani/.m2/repository/org/slf4j/jcl-over-slf4j/1.7.36/jcl-over-slf4j-1.7.36.jar:/home/yasinezziani/.m2/repository/org/apache/logging/log4j/log4j-core/2.23.0/log4j-core-2.23.0.jar:/home/yasinezziani/.m2/repository/org/projectlombok/lombok/1.18.32/lombok-1.18.32.jar:/home/yasinezziani/.m2/repository/junit/junit/4.13.2/junit-4.13.2.jar:/home/yasinezziani/.m2/repository/org/hamcrest/hamcrest-core/1.3/hamcrest-core-1.3.jar:"/>
    <property name="sun.cpu.endian" value="little"/>
    <property name="user.home" value="/home/yasinezziani"/>
    <property name="user.language" value="en"/>
    <property name="java.specification.vendor" value="Oracle Corporation"/>
    <property name="java.version.date" value="2024-01-16"/>
    <property name="java.home" value="/usr/lib/jvm/java-11-openjdk-amd64"/>
    <property name="file.separator" value="/"/>
    <property name="basedir" value="/mnt/c/Users/yasin/Desktop/sakai/Sakai/kernel/component-manager"/>
    <property name="java.vm.compressedOopsMode" value="32-bit"/>
    <property name="line.separator" value="&#10;"/>
    <property name="java.specification.name" value="Java Platform API Specification"/>
    <property name="java.vm.specification.vendor" value="Oracle Corporation"/>
    <property name="java.awt.graphicsenv" value="sun.awt.X11GraphicsEnvironment"/>
    <property name="java.awt.headless" value="true"/>
    <property name="lombok.disable" value="true"/>
    <property name="surefire.real.class.path" value="/mnt/c/Users/yasin/Desktop/sakai/Sakai/kernel/component-manager/target/surefire/surefirebooter-20240414160514321_12.jar"/>
    <property name="sun.management.compiler" value="HotSpot 64-Bit Tiered Compilers"/>
    <property name="java.runtime.version" value="11.0.22+7-post-Debian-1deb11u1"/>
    <property name="user.name" value="yasinezziani"/>
    <property name="path.separator" value=":"/>
    <property name="java.security.egd" value="file:/dev/./urandom"/>
    <property name="os.version" value="5.15.146.1-microsoft-standard-WSL2"/>
    <property name="test.sakai.home" value=""/>
    <property name="java.runtime.name" value="OpenJDK Runtime Environment"/>
    <property name="file.encoding" value="UTF-8"/>
    <property name="java.vm.name" value="OpenJDK 64-Bit Server VM"/>
    <property name="localRepository" value="/home/yasinezziani/.m2/repository"/>
    <property name="java.vendor.url.bug" value="https://bugs.debian.org/openjdk-11"/>
    <property name="java.io.tmpdir" value="/tmp"/>
    <property name="java.version" value="11.0.22"/>
    <property name="user.dir" value="/mnt/c/Users/yasin/Desktop/sakai/Sakai/kernel/component-manager"/>
    <property name="os.arch" value="amd64"/>
    <property name="java.vm.specification.name" value="Java Virtual Machine Specification"/>
    <property name="java.awt.printerjob" value="sun.print.PSPrinterJob"/>
    <property name="maven.tomcat.home" value=""/>
    <property name="sun.os.patch.level" value="unknown"/>
    <property name="java.library.path" value="/usr/java/packages/lib:/usr/lib/x86_64-linux-gnu/jni:/lib/x86_64-linux-gnu:/usr/lib/x86_64-linux-gnu:/usr/lib/jni:/lib:/usr/lib"/>
    <property name="java.vm.info" value="mixed mode, sharing"/>
    <property name="java.vendor" value="Debian"/>
    <property name="java.vm.version" value="11.0.22+7-post-Debian-1deb11u1"/>
    <property name="java.specification.maintenance.version" value="2"/>
    <property name="sun.io.unicode.encoding" value="UnicodeLittle"/>
    <property name="java.class.version" value="55.0"/>
  </properties>
  <testcase name="givenACompleteLaunch_whenStarting_thenComponentsNamesAreListedInSources" classname="org.sakaiproject.modi.LauncherTest" time="6.696"/>
  <testcase name="givenACompleteLaunch_whenStarting_thenConfigComponentsAndOverridesAreSourced" classname="org.sakaiproject.modi.LauncherTest" time="0.655"/>
  <testcase name="givenDemoModeIsOff_whenStarted_thenDemoFilesAreNotLoaded" classname="org.sakaiproject.modi.LauncherTest" time="0.658"/>
  <testcase name="givenDemoModeIsOn_whenStarted_thenDemoFilesAreLoaded" classname="org.sakaiproject.modi.LauncherTest" time="0.821"/>
  <testcase name="givenALocalSakaiConfigurationXml_whenStarted_thenTheConfigIsApplied" classname="org.sakaiproject.modi.LauncherTest" time="0.812"/>
  <testcase name="givenAComponentOverride_whenStarted_thenTheComponentIsModified" classname="org.sakaiproject.modi.LauncherTest" time="0.862"/>
  <testcase name="givenSeparateComponents_whenStarted_thenTheirBeansAreAllRegistered" classname="org.sakaiproject.modi.LauncherTest" time="0.759"/>
  <testcase name="givenSakaHomeIsSetWithASlash_whenStarted_thenItIsUsedUnchanged" classname="org.sakaiproject.modi.LauncherTest" time="0.547"/>
  <testcase name="givenTwoComponentOverrides_whenStarted_thenBothComponentsAreModified" classname="org.sakaiproject.modi.LauncherTest" time="0.601"/>
  <testcase name="givenSakaHomeIsUnset_whenStarted_thenStartupHappensUnderTomcat" classname="org.sakaiproject.modi.LauncherTest" time="0.534"/>
  <testcase name="givenSakaHomeIsSetWithNoSlash_whenStarted_thenItIsUpdatedWithSlash" classname="org.sakaiproject.modi.LauncherTest" time="0.33"/>
  <testcase name="givenAnExtraneousFileInOverrides_whenStarted_thenItIsNotApplied" classname="org.sakaiproject.modi.LauncherTest" time="0.408"/>
  <testcase name="givenABeanInComponentsXml_whenStarted_thenTheBeanIsInitialized" classname="org.sakaiproject.modi.LauncherTest" time="0.394"/>
  <testcase name="givenSakaHomeIsSetToSomethingMissing_whenStarted_thenItIsCreated" classname="org.sakaiproject.modi.LauncherTest" time="0.398"/>
  <testcase name="givenANormalLaunch_whenStopping_thenTheContextIsClosed" classname="org.sakaiproject.modi.LauncherTest" time="0.379"/>
</testsuite>