<?xml version="1.0" encoding="UTF-8"?>
<testsuite xmlns:xsi="http://www.w3.org/2001/XMLSchema-instance" xsi:noNamespaceSchemaLocation="https://maven.apache.org/surefire/maven-surefire-plugin/xsd/surefire-test-report-3.0.xsd" version="3.0" name="org.sakaiproject.util.RequestFilterTest" time="43.816" tests="8" errors="0" skipped="0" failures="0">
  <properties>
    <property name="awt.toolkit" value="sun.awt.X11.XToolkit"/>
    <property name="java.specification.version" value="11"/>
    <property name="sun.cpu.isalist" value=""/>
    <property name="sun.jnu.encoding" value="UTF-8"/>
    <property name="java.class.path" value="/mnt/c/Users/yasin/Desktop/sakai/Sakai/kernel/api/target/test-classes:/mnt/c/Users/yasin/Desktop/sakai/Sakai/kernel/api/target/classes:/home/yasinezziani/.m2/repository/javax/servlet/javax.servlet-api/4.0.1/javax.servlet-api-4.0.1.jar:/home/yasinezziani/.m2/repository/commons-fileupload/commons-fileupload/1.5/commons-fileupload-1.5.jar:/home/yasinezziani/.m2/repository/commons-io/commons-io/2.16.1/commons-io-2.16.1.jar:/home/yasinezziani/.m2/repository/org/apache/commons/commons-collections4/4.4/commons-collections4-4.4.jar:/home/yasinezziani/.m2/repository/commons-codec/commons-codec/1.16.1/commons-codec-1.16.1.jar:/home/yasinezziani/.m2/repository/com/zaxxer/HikariCP/5.0.1/HikariCP-5.0.1.jar:/home/yasinezziani/.m2/repository/com/sun/mail/jakarta.mail/1.6.7/jakarta.mail-1.6.7.jar:/home/yasinezziani/.m2/repository/com/sun/activation/jakarta.activation/1.2.2/jakarta.activation-1.2.2.jar:/mnt/c/Users/yasin/Desktop/sakai/Sakai/kernel/component-manager/target/classes:/home/yasinezziani/.m2/repository/org/springframework/spring-core/5.3.32/spring-core-5.3.32.jar:/home/yasinezziani/.m2/repository/org/springframework/spring-jcl/5.3.32/spring-jcl-5.3.32.jar:/home/yasinezziani/.m2/repository/org/springframework/spring-web/5.3.32/spring-web-5.3.32.jar:/home/yasinezziani/.m2/repository/org/springframework/data/spring-data-jpa/2.5.12/spring-data-jpa-2.5.12.jar:/home/yasinezziani/.m2/repository/org/aspectj/aspectjrt/1.9.7/aspectjrt-1.9.7.jar:/home/yasinezziani/.m2/repository/org/springframework/spring-context-support/5.3.32/spring-context-support-5.3.32.jar:/home/yasinezziani/.m2/repository/org/hibernate/hibernate-core/5.6.15.Final/hibernate-core-5.6.15.Final.jar:/home/yasinezziani/.m2/repository/org/jboss/logging/jboss-logging/3.4.3.Final/jboss-logging-3.4.3.Final.jar:/home/yasinezziani/.m2/repository/javax/persistence/javax.persistence-api/2.2/javax.persistence-api-2.2.jar:/home/yasinezziani/.m2/repository/net/bytebuddy/byte-buddy/1.14.3/byte-buddy-1.14.3.jar:/home/yasinezziani/.m2/repository/antlr/antlr/2.7.7/antlr-2.7.7.jar:/home/yasinezziani/.m2/repository/org/jboss/spec/javax/transaction/jboss-transaction-api_1.2_spec/1.1.1.Final/jboss-transaction-api_1.2_spec-1.1.1.Final.jar:/home/yasinezziani/.m2/repository/org/jboss/jandex/2.4.3.Final/jandex-2.4.3.Final.jar:/home/yasinezziani/.m2/repository/com/fasterxml/classmate/1.5.1/classmate-1.5.1.jar:/home/yasinezziani/.m2/repository/javax/activation/javax.activation-api/1.2.0/javax.activation-api-1.2.0.jar:/home/yasinezziani/.m2/repository/org/hibernate/common/hibernate-commons-annotations/5.1.2.Final/hibernate-commons-annotations-5.1.2.Final.jar:/home/yasinezziani/.m2/repository/javax/xml/bind/jaxb-api/2.3.1/jaxb-api-2.3.1.jar:/home/yasinezziani/.m2/repository/org/glassfish/jaxb/jaxb-runtime/2.3.6/jaxb-runtime-2.3.6.jar:/home/yasinezziani/.m2/repository/jakarta/xml/bind/jakarta.xml.bind-api/2.3.3/jakarta.xml.bind-api-2.3.3.jar:/home/yasinezziani/.m2/repository/org/glassfish/jaxb/txw2/2.3.6/txw2-2.3.6.jar:/home/yasinezziani/.m2/repository/com/sun/istack/istack-commons-runtime/3.0.11/istack-commons-runtime-3.0.11.jar:/home/yasinezziani/.m2/repository/org/mockito/mockito-core/3.11.2/mockito-core-3.11.2.jar:/home/yasinezziani/.m2/repository/net/bytebuddy/byte-buddy-agent/1.11.3/byte-buddy-agent-1.11.3.jar:/home/yasinezziani/.m2/repository/org/objenesis/objenesis/3.2/objenesis-3.2.jar:/home/yasinezziani/.m2/repository/org/springframework/spring-test/5.3.32/spring-test-5.3.32.jar:/home/yasinezziani/.m2/repository/org/powermock/powermock-module-junit4/2.0.9/powermock-module-junit4-2.0.9.jar:/home/yasinezziani/.m2/repository/org/powermock/powermock-module-junit4-common/2.0.9/powermock-module-junit4-common-2.0.9.jar:/home/yasinezziani/.m2/repository/org/powermock/powermock-reflect/2.0.9/powermock-reflect-2.0.9.jar:/home/yasinezziani/.m2/repository/org/powermock/powermock-core/2.0.9/powermock-core-2.0.9.jar:/home/yasinezziani/.m2/repository/org/javassist/javassist/3.27.0-GA/javassist-3.27.0-GA.jar:/home/yasinezziani/.m2/repository/org/hamcrest/hamcrest-core/1.3/hamcrest-core-1.3.jar:/home/yasinezziani/.m2/repository/org/powermock/powermock-api-mockito2/2.0.9/powermock-api-mockito2-2.0.9.jar:/home/yasinezziani/.m2/repository/org/powermock/powermock-api-support/2.0.9/powermock-api-support-2.0.9.jar:/home/yasinezziani/.m2/repository/org/apache/commons/commons-lang3/3.14.0/commons-lang3-3.14.0.jar:/home/yasinezziani/.m2/repository/com/fasterxml/jackson/core/jackson-annotations/2.16.1/jackson-annotations-2.16.1.jar:/home/yasinezziani/.m2/repository/com/fasterxml/jackson/core/jackson-core/2.16.1/jackson-core-2.16.1.jar:/home/yasinezziani/.m2/repository/com/fasterxml/jackson/core/jackson-databind/2.16.1/jackson-databind-2.16.1.jar:/home/yasinezziani/.m2/repository/org/simpleframework/simple-xml/2.7.1/simple-xml-2.7.1.jar:/home/yasinezziani/.m2/repository/stax/stax-api/1.0.1/stax-api-1.0.1.jar:/home/yasinezziani/.m2/repository/stax/stax/1.2.0/stax-1.2.0.jar:/home/yasinezziani/.m2/repository/xpp3/xpp3/1.1.3.3/xpp3-1.1.3.3.jar:/home/yasinezziani/.m2/repository/net/sf/ehcache/ehcache-core/2.6.11/ehcache-core-2.6.11.jar:/home/yasinezziani/.m2/repository/commons-net/commons-net/3.10.0/commons-net-3.10.0.jar:/home/yasinezziani/.m2/repository/org/hibernate/hibernate-entitymanager/5.6.15.Final/hibernate-entitymanager-5.6.15.Final.jar:/home/yasinezziani/.m2/repository/org/apache/ignite/ignite-hibernate-ext/5.3.0/ignite-hibernate-ext-5.3.0.jar:/home/yasinezziani/.m2/repository/org/apache/ignite/ignite-core/2.15.0/ignite-core-2.15.0.jar:/home/yasinezziani/.m2/repository/javax/cache/cache-api/1.1.1/cache-api-1.1.1.jar:/home/yasinezziani/.m2/repository/org/jetbrains/annotations/16.0.3/annotations-16.0.3.jar:/home/yasinezziani/.m2/repository/org/springframework/spring-aop/5.3.32/spring-aop-5.3.32.jar:/home/yasinezziani/.m2/repository/org/springframework/spring-beans/5.3.32/spring-beans-5.3.32.jar:/home/yasinezziani/.m2/repository/org/springframework/spring-context/5.3.32/spring-context-5.3.32.jar:/home/yasinezziani/.m2/repository/org/springframework/spring-expression/5.3.32/spring-expression-5.3.32.jar:/home/yasinezziani/.m2/repository/org/springframework/spring-orm/5.3.32/spring-orm-5.3.32.jar:/home/yasinezziani/.m2/repository/org/springframework/spring-jdbc/5.3.32/spring-jdbc-5.3.32.jar:/home/yasinezziani/.m2/repository/org/springframework/spring-tx/5.3.32/spring-tx-5.3.32.jar:/home/yasinezziani/.m2/repository/org/springframework/data/spring-data-commons/2.5.12/spring-data-commons-2.5.12.jar:/home/yasinezziani/.m2/repository/com/fasterxml/jackson/dataformat/jackson-dataformat-xml/2.16.1/jackson-dataformat-xml-2.16.1.jar:/home/yasinezziani/.m2/repository/org/codehaus/woodstox/stax2-api/4.2.1/stax2-api-4.2.1.jar:/home/yasinezziani/.m2/repository/com/fasterxml/woodstox/woodstox-core/6.6.0/woodstox-core-6.6.0.jar:/home/yasinezziani/.m2/repository/com/fasterxml/jackson/module/jackson-module-parameter-names/2.16.1/jackson-module-parameter-names-2.16.1.jar:/home/yasinezziani/.m2/repository/com/fasterxml/jackson/datatype/jackson-datatype-jdk8/2.16.1/jackson-datatype-jdk8-2.16.1.jar:/home/yasinezziani/.m2/repository/com/fasterxml/jackson/datatype/jackson-datatype-jsr310/2.16.1/jackson-datatype-jsr310-2.16.1.jar:/home/yasinezziani/.m2/repository/jakarta/annotation/jakarta.annotation-api/1.3.5/jakarta.annotation-api-1.3.5.jar:/home/yasinezziani/.m2/repository/jakarta/activation/jakarta.activation-api/1.2.2/jakarta.activation-api-1.2.2.jar:/home/yasinezziani/.m2/repository/org/slf4j/slf4j-api/1.7.36/slf4j-api-1.7.36.jar:/home/yasinezziani/.m2/repository/org/apache/logging/log4j/log4j-api/2.23.0/log4j-api-2.23.0.jar:/home/yasinezziani/.m2/repository/org/apache/logging/log4j/log4j-slf4j-impl/2.23.0/log4j-slf4j-impl-2.23.0.jar:/home/yasinezziani/.m2/repository/org/slf4j/jcl-over-slf4j/1.7.36/jcl-over-slf4j-1.7.36.jar:/home/yasinezziani/.m2/repository/org/apache/logging/log4j/log4j-core/2.23.0/log4j-core-2.23.0.jar:/home/yasinezziani/.m2/repository/org/projectlombok/lombok/1.18.32/lombok-1.18.32.jar:/home/yasinezziani/.m2/repository/junit/junit/4.13.2/junit-4.13.2.jar:"/>
    <property name="java.vm.vendor" value="Debian"/>
    <property name="sun.arch.data.model" value="64"/>
    <property name="java.vendor.url" value="https://tracker.debian.org/openjdk-11"/>
    <property name="user.timezone" value=""/>
    <property name="java.vm.specification.version" value="11"/>
    <property name="os.name" value="Linux"/>
    <property name="sun.java.launcher" value="SUN_STANDARD"/>
    <property name="user.country" value="US"/>
    <property name="sun.boot.library.path" value="/usr/lib/jvm/java-11-openjdk-amd64/lib"/>
    <property name="sun.java.command" value="/mnt/c/Users/yasin/Desktop/sakai/Sakai/kernel/api/target/surefire/surefirebooter-20240414160922544_56.jar /mnt/c/Users/yasin/Desktop/sakai/Sakai/kernel/api/target/surefire 2024-04-14T16-05-12_295-jvmRun1 surefire-20240414160922544_54tmp surefire_17-20240414160922544_55tmp"/>
    <property name="jdk.debug" value="release"/>
    <property name="surefire.test.class.path" value="/mnt/c/Users/yasin/Desktop/sakai/Sakai/kernel/api/target/test-classes:/mnt/c/Users/yasin/Desktop/sakai/Sakai/kernel/api/target/classes:/home/yasinezziani/.m2/repository/javax/servlet/javax.servlet-api/4.0.1/javax.servlet-api-4.0.1.jar:/home/yasinezziani/.m2/repository/commons-fileupload/commons-fileupload/1.5/commons-fileupload-1.5.jar:/home/yasinezziani/.m2/repository/commons-io/commons-io/2.16.1/commons-io-2.16.1.jar:/home/yasinezziani/.m2/repository/org/apache/commons/commons-collections4/4.4/commons-collections4-4.4.jar:/home/yasinezziani/.m2/repository/commons-codec/commons-codec/1.16.1/commons-codec-1.16.1.jar:/home/yasinezziani/.m2/repository/com/zaxxer/HikariCP/5.0.1/HikariCP-5.0.1.jar:/home/yasinezziani/.m2/repository/com/sun/mail/jakarta.mail/1.6.7/jakarta.mail-1.6.7.jar:/home/yasinezziani/.m2/repository/com/sun/activation/jakarta.activation/1.2.2/jakarta.activation-1.2.2.jar:/mnt/c/Users/yasin/Desktop/sakai/Sakai/kernel/component-manager/target/classes:/home/yasinezziani/.m2/repository/org/springframework/spring-core/5.3.32/spring-core-5.3.32.jar:/home/yasinezziani/.m2/repository/org/springframework/spring-jcl/5.3.32/spring-jcl-5.3.32.jar:/home/yasinezziani/.m2/repository/org/springframework/spring-web/5.3.32/spring-web-5.3.32.jar:/home/yasinezziani/.m2/repository/org/springframework/data/spring-data-jpa/2.5.12/spring-data-jpa-2.5.12.jar:/home/yasinezziani/.m2/repository/org/aspectj/aspectjrt/1.9.7/aspectjrt-1.9.7.jar:/home/yasinezziani/.m2/repository/org/springframework/spring-context-support/5.3.32/spring-context-support-5.3.32.jar:/home/yasinezziani/.m2/repository/org/hibernate/hibernate-core/5.6.15.Final/hibernate-core-5.6.15.Final.jar:/home/yasinezziani/.m2/repository/org/jboss/logging/jboss-logging/3.4.3.Final/jboss-logging-3.4.3.Final.jar:/home/yasinezziani/.m2/repository/javax/persistence/javax.persistence-api/2.2/javax.persistence-api-2.2.jar:/home/yasinezziani/.m2/repository/net/bytebuddy/byte-buddy/1.14.3/byte-buddy-1.14.3.jar:/home/yasinezziani/.m2/repository/antlr/antlr/2.7.7/antlr-2.7.7.jar:/home/yasinezziani/.m2/repository/org/jboss/spec/javax/transaction/jboss-transaction-api_1.2_spec/1.1.1.Final/jboss-transaction-api_1.2_spec-1.1.1.Final.jar:/home/yasinezziani/.m2/repository/org/jboss/jandex/2.4.3.Final/jandex-2.4.3.Final.jar:/home/yasinezziani/.m2/repository/com/fasterxml/classmate/1.5.1/classmate-1.5.1.jar:/home/yasinezziani/.m2/repository/javax/activation/javax.activation-api/1.2.0/javax.activation-api-1.2.0.jar:/home/yasinezziani/.m2/repository/org/hibernate/common/hibernate-commons-annotations/5.1.2.Final/hibernate-commons-annotations-5.1.2.Final.jar:/home/yasinezziani/.m2/repository/javax/xml/bind/jaxb-api/2.3.1/jaxb-api-2.3.1.jar:/home/yasinezziani/.m2/repository/org/glassfish/jaxb/jaxb-runtime/2.3.6/jaxb-runtime-2.3.6.jar:/home/yasinezziani/.m2/repository/jakarta/xml/bind/jakarta.xml.bind-api/2.3.3/jakarta.xml.bind-api-2.3.3.jar:/home/yasinezziani/.m2/repository/org/glassfish/jaxb/txw2/2.3.6/txw2-2.3.6.jar:/home/yasinezziani/.m2/repository/com/sun/istack/istack-commons-runtime/3.0.11/istack-commons-runtime-3.0.11.jar:/home/yasinezziani/.m2/repository/org/mockito/mockito-core/3.11.2/mockito-core-3.11.2.jar:/home/yasinezziani/.m2/repository/net/bytebuddy/byte-buddy-agent/1.11.3/byte-buddy-agent-1.11.3.jar:/home/yasinezziani/.m2/repository/org/objenesis/objenesis/3.2/objenesis-3.2.jar:/home/yasinezziani/.m2/repository/org/springframework/spring-test/5.3.32/spring-test-5.3.32.jar:/home/yasinezziani/.m2/repository/org/powermock/powermock-module-junit4/2.0.9/powermock-module-junit4-2.0.9.jar:/home/yasinezziani/.m2/repository/org/powermock/powermock-module-junit4-common/2.0.9/powermock-module-junit4-common-2.0.9.jar:/home/yasinezziani/.m2/repository/org/powermock/powermock-reflect/2.0.9/powermock-reflect-2.0.9.jar:/home/yasinezziani/.m2/repository/org/powermock/powermock-core/2.0.9/powermock-core-2.0.9.jar:/home/yasinezziani/.m2/repository/org/javassist/javassist/3.27.0-GA/javassist-3.27.0-GA.jar:/home/yasinezziani/.m2/repository/org/hamcrest/hamcrest-core/1.3/hamcrest-core-1.3.jar:/home/yasinezziani/.m2/repository/org/powermock/powermock-api-mockito2/2.0.9/powermock-api-mockito2-2.0.9.jar:/home/yasinezziani/.m2/repository/org/powermock/powermock-api-support/2.0.9/powermock-api-support-2.0.9.jar:/home/yasinezziani/.m2/repository/org/apache/commons/commons-lang3/3.14.0/commons-lang3-3.14.0.jar:/home/yasinezziani/.m2/repository/com/fasterxml/jackson/core/jackson-annotations/2.16.1/jackson-annotations-2.16.1.jar:/home/yasinezziani/.m2/repository/com/fasterxml/jackson/core/jackson-core/2.16.1/jackson-core-2.16.1.jar:/home/yasinezziani/.m2/repository/com/fasterxml/jackson/core/jackson-databind/2.16.1/jackson-databind-2.16.1.jar:/home/yasinezziani/.m2/repository/org/simpleframework/simple-xml/2.7.1/simple-xml-2.7.1.jar:/home/yasinezziani/.m2/repository/stax/stax-api/1.0.1/stax-api-1.0.1.jar:/home/yasinezziani/.m2/repository/stax/stax/1.2.0/stax-1.2.0.jar:/home/yasinezziani/.m2/repository/xpp3/xpp3/1.1.3.3/xpp3-1.1.3.3.jar:/home/yasinezziani/.m2/repository/net/sf/ehcache/ehcache-core/2.6.11/ehcache-core-2.6.11.jar:/home/yasinezziani/.m2/repository/commons-net/commons-net/3.10.0/commons-net-3.10.0.jar:/home/yasinezziani/.m2/repository/org/hibernate/hibernate-entitymanager/5.6.15.Final/hibernate-entitymanager-5.6.15.Final.jar:/home/yasinezziani/.m2/repository/org/apache/ignite/ignite-hibernate-ext/5.3.0/ignite-hibernate-ext-5.3.0.jar:/home/yasinezziani/.m2/repository/org/apache/ignite/ignite-core/2.15.0/ignite-core-2.15.0.jar:/home/yasinezziani/.m2/repository/javax/cache/cache-api/1.1.1/cache-api-1.1.1.jar:/home/yasinezziani/.m2/repository/org/jetbrains/annotations/16.0.3/annotations-16.0.3.jar:/home/yasinezziani/.m2/repository/org/springframework/spring-aop/5.3.32/spring-aop-5.3.32.jar:/home/yasinezziani/.m2/repository/org/springframework/spring-beans/5.3.32/spring-beans-5.3.32.jar:/home/yasinezziani/.m2/repository/org/springframework/spring-context/5.3.32/spring-context-5.3.32.jar:/home/yasinezziani/.m2/repository/org/springframework/spring-expression/5.3.32/spring-expression-5.3.32.jar:/home/yasinezziani/.m2/repository/org/springframework/spring-orm/5.3.32/spring-orm-5.3.32.jar:/home/yasinezziani/.m2/repository/org/springframework/spring-jdbc/5.3.32/spring-jdbc-5.3.32.jar:/home/yasinezziani/.m2/repository/org/springframework/spring-tx/5.3.32/spring-tx-5.3.32.jar:/home/yasinezziani/.m2/repository/org/springframework/data/spring-data-commons/2.5.12/spring-data-commons-2.5.12.jar:/home/yasinezziani/.m2/repository/com/fasterxml/jackson/dataformat/jackson-dataformat-xml/2.16.1/jackson-dataformat-xml-2.16.1.jar:/home/yasinezziani/.m2/repository/org/codehaus/woodstox/stax2-api/4.2.1/stax2-api-4.2.1.jar:/home/yasinezziani/.m2/repository/com/fasterxml/woodstox/woodstox-core/6.6.0/woodstox-core-6.6.0.jar:/home/yasinezziani/.m2/repository/com/fasterxml/jackson/module/jackson-module-parameter-names/2.16.1/jackson-module-parameter-names-2.16.1.jar:/home/yasinezziani/.m2/repository/com/fasterxml/jackson/datatype/jackson-datatype-jdk8/2.16.1/jackson-datatype-jdk8-2.16.1.jar:/home/yasinezziani/.m2/repository/com/fasterxml/jackson/datatype/jackson-datatype-jsr310/2.16.1/jackson-datatype-jsr310-2.16.1.jar:/home/yasinezziani/.m2/repository/jakarta/annotation/jakarta.annotation-api/1.3.5/jakarta.annotation-api-1.3.5.jar:/home/yasinezziani/.m2/repository/jakarta/activation/jakarta.activation-api/1.2.2/jakarta.activation-api-1.2.2.jar:/home/yasinezziani/.m2/repository/org/slf4j/slf4j-api/1.7.36/slf4j-api-1.7.36.jar:/home/yasinezziani/.m2/repository/org/apache/logging/log4j/log4j-api/2.23.0/log4j-api-2.23.0.jar:/home/yasinezziani/.m2/repository/org/apache/logging/log4j/log4j-slf4j-impl/2.23.0/log4j-slf4j-impl-2.23.0.jar:/home/yasinezziani/.m2/repository/org/slf4j/jcl-over-slf4j/1.7.36/jcl-over-slf4j-1.7.36.jar:/home/yasinezziani/.m2/repository/org/apache/logging/log4j/log4j-core/2.23.0/log4j-core-2.23.0.jar:/home/yasinezziani/.m2/repository/org/projectlombok/lombok/1.18.32/lombok-1.18.32.jar:/home/yasinezziani/.m2/repository/junit/junit/4.13.2/junit-4.13.2.jar:"/>
    <property name="sun.cpu.endian" value="little"/>
    <property name="user.home" value="/home/yasinezziani"/>
    <property name="user.language" value="en"/>
    <property name="java.specification.vendor" value="Oracle Corporation"/>
    <property name="java.version.date" value="2024-01-16"/>
    <property name="java.home" value="/usr/lib/jvm/java-11-openjdk-amd64"/>
    <property name="file.separator" value="/"/>
    <property name="basedir" value="/mnt/c/Users/yasin/Desktop/sakai/Sakai/kernel/api"/>
    <property name="java.vm.compressedOopsMode" value="32-bit"/>
    <property name="line.separator" value="&#10;"/>
    <property name="java.specification.name" value="Java Platform API Specification"/>
    <property name="java.vm.specification.vendor" value="Oracle Corporation"/>
    <property name="java.awt.graphicsenv" value="sun.awt.X11GraphicsEnvironment"/>
    <property name="java.awt.headless" value="true"/>
    <property name="lombok.disable" value="true"/>
    <property name="surefire.real.class.path" value="/mnt/c/Users/yasin/Desktop/sakai/Sakai/kernel/api/target/surefire/surefirebooter-20240414160922544_56.jar"/>
    <property name="sun.management.compiler" value="HotSpot 64-Bit Tiered Compilers"/>
    <property name="java.runtime.version" value="11.0.22+7-post-Debian-1deb11u1"/>
    <property name="user.name" value="yasinezziani"/>
    <property name="path.separator" value=":"/>
    <property name="java.security.egd" value="file:/dev/./urandom"/>
    <property name="os.version" value="5.15.146.1-microsoft-standard-WSL2"/>
    <property name="test.sakai.home" value=""/>
    <property name="java.runtime.name" value="OpenJDK Runtime Environment"/>
    <property name="file.encoding" value="UTF-8"/>
    <property name="java.vm.name" value="OpenJDK 64-Bit Server VM"/>
    <property name="localRepository" value="/home/yasinezziani/.m2/repository"/>
    <property name="java.vendor.url.bug" value="https://bugs.debian.org/openjdk-11"/>
    <property name="java.io.tmpdir" value="/tmp"/>
    <property name="java.version" value="11.0.22"/>
    <property name="user.dir" value="/mnt/c/Users/yasin/Desktop/sakai/Sakai/kernel/api"/>
    <property name="os.arch" value="amd64"/>
    <property name="java.vm.specification.name" value="Java Virtual Machine Specification"/>
    <property name="java.awt.printerjob" value="sun.print.PSPrinterJob"/>
    <property name="maven.tomcat.home" value=""/>
    <property name="sun.os.patch.level" value="unknown"/>
    <property name="java.library.path" value="/usr/java/packages/lib:/usr/lib/x86_64-linux-gnu/jni:/lib/x86_64-linux-gnu:/usr/lib/x86_64-linux-gnu:/usr/lib/jni:/lib:/usr/lib"/>
    <property name="java.vm.info" value="mixed mode, sharing"/>
    <property name="java.vendor" value="Debian"/>
    <property name="java.vm.version" value="11.0.22+7-post-Debian-1deb11u1"/>
    <property name="java.specification.maintenance.version" value="2"/>
    <property name="sun.io.unicode.encoding" value="UnicodeLittle"/>
    <property name="java.class.version" value="55.0"/>
  </properties>
  <testcase name="testAssureSession" classname="org.sakaiproject.util.RequestFilterTest" time="37.146"/>
  <testcase name="testAssureSessionCookieLookup" classname="org.sakaiproject.util.RequestFilterTest" time="0.077"/>
  <testcase name="testAssureSessionAutoParam" classname="org.sakaiproject.util.RequestFilterTest" time="0.008"/>
  <testcase name="testAssureSessionPrincipal" classname="org.sakaiproject.util.RequestFilterTest" time="0.023"/>
  <testcase name="testAssureSessionParameterId" classname="org.sakaiproject.util.RequestFilterTest" time="0.01"/>
  <testcase name="testAssureSessionParameterIdNoUser" classname="org.sakaiproject.util.RequestFilterTest" time="0.007"/>
  <testcase name="testAssureSessionShutdownExisting" classname="org.sakaiproject.util.RequestFilterTest" time="0.075"/>
  <testcase name="testAssureSessionShutdownNew" classname="org.sakaiproject.util.RequestFilterTest" time="0.006"/>
</testsuite>